# JRE version: OpenJDK Runtime Environment Temurin-11.0.17+8 (11.0.17+8) (build 11.0.17+8)
# Java VM: OpenJDK 64-Bit Server VM Temurin-11.0.17+8 (11.0.17+8, mixed mode, tiered, compressed oops, g1 gc, windows-amd64)
Heap:
 garbage-first heap   total 262144K, used 200599K [0x0000000080000000, 0x0000000100000000)
  region size 1024K, 45 young (46080K), 8 survivors (8192K)
 Metaspace       used 125788K, capacity 130152K, committed 130260K, reserved 628736K
  class space    used 16204K, capacity 17824K, committed 17920K, reserved 516096K
GC Heap History (20 events):
Event: 134.641 GC heap before
{Heap before GC invocations=64 (full 0):
 garbage-first heap   total 218112K, used 165185K [0x0000000080000000, 0x0000000100000000)
  region size 1024K, 43 young (44032K), 6 survivors (6144K)
 Metaspace       used 117123K, capacity 121118K, committed 121300K, reserved 622592K
  class space    used 15322K, capacity 16822K, committed 16896K, reserved 516096K
}
Event: 134.663 GC heap after
{Heap after GC invocations=65 (full 0):
 garbage-first heap   total 218112K, used 131863K [0x0000000080000000, 0x0000000100000000)
  region size 1024K, 5 young (5120K), 5 survivors (5120K)
 Metaspace       used 117123K, capacity 121118K, committed 121300K, reserved 622592K
  class space    used 15322K, capacity 16822K, committed 16896K, reserved 516096K
}
Event: 135.686 GC heap before
{Heap before GC invocations=65 (full 0):
 garbage-first heap   total 218112K, used 169751K [0x0000000080000000, 0x0000000100000000)
  region size 1024K, 42 young (43008K), 5 survivors (5120K)
 Metaspace       used 117961K, capacity 121886K, committed 122196K, reserved 622592K
  class space    used 15390K, capacity 16923K, committed 17024K, reserved 516096K
}
Event: 135.703 GC heap after
{Heap after GC invocations=66 (full 0):
 garbage-first heap   total 218112K, used 136557K [0x0000000080000000, 0x0000000100000000)
  region size 1024K, 5 young (5120K), 5 survivors (5120K)
 Metaspace       used 117961K, capacity 121886K, committed 122196K, reserved 622592K
  class space    used 15390K, capacity 16923K, committed 17024K, reserved 516096K
}
Event: 136.741 GC heap before
{Heap before GC invocations=67 (full 0):
 garbage-first heap   total 218112K, used 173421K [0x0000000080000000, 0x0000000100000000)
  region size 1024K, 41 young (41984K), 5 survivors (5120K)
 Metaspace       used 119762K, capacity 123760K, committed 123988K, reserved 624640K
  class space    used 15609K, capacity 17155K, committed 17280K, reserved 516096K
}
Event: 136.757 GC heap after
{Heap after GC invocations=68 (full 0):
 garbage-first heap   total 218112K, used 138996K [0x0000000080000000, 0x0000000100000000)
  region size 1024K, 3 young (3072K), 3 survivors (3072K)
 Metaspace       used 119762K, capacity 123760K, committed 123988K, reserved 624640K
  class space    used 15609K, capacity 17155K, committed 17280K, reserved 516096K
}
Event: 137.506 GC heap before
{Heap before GC invocations=68 (full 0):
 garbage-first heap   total 218112K, used 174836K [0x0000000080000000, 0x0000000100000000)
  region size 1024K, 39 young (39936K), 3 survivors (3072K)
 Metaspace       used 120801K, capacity 124866K, committed 125012K, reserved 624640K
  class space    used 15697K, capacity 17238K, committed 17280K, reserved 516096K
}
Event: 137.522 GC heap after
{Heap after GC invocations=69 (full 0):
 garbage-first heap   total 218112K, used 143673K [0x0000000080000000, 0x0000000100000000)
  region size 1024K, 5 young (5120K), 5 survivors (5120K)
 Metaspace       used 120801K, capacity 124866K, committed 125012K, reserved 624640K
  class space    used 15697K, capacity 17238K, committed 17280K, reserved 516096K
}
Event: 139.208 GC heap before
{Heap before GC invocations=70 (full 0):
 garbage-first heap   total 218112K, used 178489K [0x0000000080000000, 0x0000000100000000)
  region size 1024K, 40 young (40960K), 5 survivors (5120K)
 Metaspace       used 121920K, capacity 125924K, committed 126164K, reserved 626688K
  class space    used 15762K, capacity 17282K, committed 17408K, reserved 516096K
}
Event: 139.236 GC heap after
{Heap after GC invocations=71 (full 0):
 garbage-first heap   total 218112K, used 145635K [0x0000000080000000, 0x0000000100000000)
  region size 1024K, 3 young (3072K), 3 survivors (3072K)
 Metaspace       used 121920K, capacity 125924K, committed 126164K, reserved 626688K
  class space    used 15762K, capacity 17282K, committed 17408K, reserved 516096K
}
Event: 142.877 GC heap before
{Heap before GC invocations=71 (full 0):
 garbage-first heap   total 218112K, used 179427K [0x0000000080000000, 0x0000000100000000)
  region size 1024K, 37 young (37888K), 3 survivors (3072K)
 Metaspace       used 122226K, capacity 126464K, committed 126804K, reserved 626688K
  class space    used 15804K, capacity 17419K, committed 17536K, reserved 516096K
}
Event: 142.890 GC heap after
{Heap after GC invocations=72 (full 0):
 garbage-first heap   total 262144K, used 148209K [0x0000000080000000, 0x0000000100000000)
  region size 1024K, 5 young (5120K), 5 survivors (5120K)
 Metaspace       used 122226K, capacity 126464K, committed 126804K, reserved 626688K
  class space    used 15804K, capacity 17419K, committed 17536K, reserved 516096K
}
Event: 151.215 GC heap before
{Heap before GC invocations=73 (full 0):
 garbage-first heap   total 262144K, used 200433K [0x0000000080000000, 0x0000000100000000)
  region size 1024K, 57 young (58368K), 5 survivors (5120K)
 Metaspace       used 122426K, capacity 126599K, committed 126804K, reserved 626688K
  class space    used 15816K, capacity 17428K, committed 17536K, reserved 516096K
}
Event: 151.261 GC heap after
{Heap after GC invocations=74 (full 0):
 garbage-first heap   total 262144K, used 153961K [0x0000000080000000, 0x0000000100000000)
  region size 1024K, 8 young (8192K), 8 survivors (8192K)
 Metaspace       used 122426K, capacity 126599K, committed 126804K, reserved 626688K
  class space    used 15816K, capacity 17428K, committed 17536K, reserved 516096K
}
Event: 153.263 GC heap before
{Heap before GC invocations=74 (full 0):
 garbage-first heap   total 262144K, used 205161K [0x0000000080000000, 0x0000000100000000)
  region size 1024K, 59 young (60416K), 8 survivors (8192K)
 Metaspace       used 122830K, capacity 126949K, committed 127060K, reserved 626688K
  class space    used 15839K, capacity 17444K, committed 17536K, reserved 516096K
}
Event: 153.298 GC heap after
{Heap after GC invocations=75 (full 0):
 garbage-first heap   total 262144K, used 158155K [0x0000000080000000, 0x0000000100000000)
  region size 1024K, 5 young (5120K), 5 survivors (5120K)
 Metaspace       used 122830K, capacity 126949K, committed 127060K, reserved 626688K
  class space    used 15839K, capacity 17444K, committed 17536K, reserved 516096K
}
Event: 155.493 GC heap before
{Heap before GC invocations=76 (full 0):
 garbage-first heap   total 262144K, used 208331K [0x0000000080000000, 0x0000000100000000)
  region size 1024K, 55 young (56320K), 5 survivors (5120K)
 Metaspace       used 123067K, capacity 127323K, committed 127572K, reserved 626688K
  class space    used 15854K, capacity 17460K, committed 17536K, reserved 516096K
}
Event: 155.506 GC heap after
{Heap after GC invocations=77 (full 0):
 garbage-first heap   total 262144K, used 161005K [0x0000000080000000, 0x0000000100000000)
  region size 1024K, 7 young (7168K), 7 survivors (7168K)
 Metaspace       used 123067K, capacity 127323K, committed 127572K, reserved 626688K
  class space    used 15854K, capacity 17460K, committed 17536K, reserved 516096K
}
Event: 158.971 GC heap before
{Heap before GC invocations=77 (full 0):
 garbage-first heap   total 262144K, used 212205K [0x0000000080000000, 0x0000000100000000)
  region size 1024K, 58 young (59392K), 7 survivors (7168K)
 Metaspace       used 124181K, capacity 128426K, committed 128724K, reserved 628736K
  class space    used 15986K, capacity 17605K, committed 17664K, reserved 516096K
}
Event: 158.990 GC heap after
{Heap after GC invocations=78 (full 0):
 garbage-first heap   total 262144K, used 164759K [0x0000000080000000, 0x0000000100000000)
  region size 1024K, 8 young (8192K), 8 survivors (8192K)
 Metaspace       used 124181K, capacity 128426K, committed 128724K, reserved 628736K
  class space    used 15986K, capacity 17605K, committed 17664K, reserved 516096K
}

